<?xml version="1.0" encoding="UTF-8"?>
<!-- Generated by org.testng.reporters.JUnitReportReporter -->
<testsuite skipped="0" hostname="DESKTOP-ODNDU34" name="demotestproject.LoginTest" tests="1" failures="0" timestamp="13 Apr 2019 11:34:53 GMT" time="0.015" errors="0">
  <testcase name="doLogin" time="0.015" classname="demotestproject.LoginTest"/>
</testsuite> <!-- demotestproject.LoginTest -->
