<?xml version="1.0" encoding="UTF-8"?>
<!-- Generated by org.testng.reporters.JUnitReportReporter -->
<testsuite skipped="0" hostname="DESKTOP-ODNDU34" name="demotestproject.LoginTest" tests="4" failures="0" timestamp="13 Apr 2019 20:02:07 GMT" time="0.012" errors="0">
  <testcase name="doworkout" time="0.001" classname="demotestproject.LoginTest"/>
  <testcase name="doLogout" time="0.001" classname="demotestproject.LoginTest"/>
  <testcase name="doworkoutbad" time="0.001" classname="demotestproject.LoginTest"/>
  <testcase name="doLogin" time="0.009" classname="demotestproject.LoginTest"/>
</testsuite> <!-- demotestproject.LoginTest -->
